e:\characters\x64\debug\sfml-graphics-d-2.dll
e:\characters\x64\debug\sfml-window-d-2.dll
e:\characters\x64\debug\sfml-system-d-2.dll
e:\characters\x64\debug\freetyped.dll
e:\characters\x64\debug\zlibd1.dll
e:\characters\x64\debug\bz2d.dll
e:\characters\x64\debug\libpng16d.dll
e:\characters\x64\debug\brotlidec.dll
e:\characters\x64\debug\brotlicommon.dll
e:\characters\characters\x64\debug\vc143.pdb
e:\characters\characters\x64\debug\vc143.idb
e:\characters\characters\x64\debug\characters.obj
e:\characters\x64\debug\characters.exe
e:\characters\x64\debug\characters.pdb
e:\characters\characters\x64\debug\characters.ilk
e:\characters\characters\x64\debug\characters.tlog\characters.write.1u.tlog
e:\characters\characters\x64\debug\characters.tlog\cl.command.1.tlog
e:\characters\characters\x64\debug\characters.tlog\cl.items.tlog
e:\characters\characters\x64\debug\characters.tlog\cl.read.1.tlog
e:\characters\characters\x64\debug\characters.tlog\cl.write.1.tlog
e:\characters\characters\x64\debug\characters.tlog\link.command.1.tlog
e:\characters\characters\x64\debug\characters.tlog\link.read.1.tlog
e:\characters\characters\x64\debug\characters.tlog\link.secondary.1.tlog
e:\characters\characters\x64\debug\characters.tlog\link.write.1.tlog
