  Characters.cpp
E:\Characters\mainCharactersVar.h(19,27): warning C4305: 'initializing': truncation from 'double' to 'float'
  (compiling source file 'Characters.cpp')
  
E:\Characters\Characters.cpp(31,30): warning C4305: 'initializing': truncation from 'double' to 'const float'
E:\Characters\Characters.cpp(91,70): warning C4244: 'argument': conversion from 'T' to 'T', possible loss of data
E:\Characters\Characters.cpp(91,70): warning C4244:         with
E:\Characters\Characters.cpp(91,70): warning C4244:         [
E:\Characters\Characters.cpp(91,70): warning C4244:             T=unsigned int
E:\Characters\Characters.cpp(91,70): warning C4244:         ]
E:\Characters\Characters.cpp(91,70): warning C4244:         and
E:\Characters\Characters.cpp(91,70): warning C4244:         [
E:\Characters\Characters.cpp(91,70): warning C4244:             T=float
E:\Characters\Characters.cpp(91,70): warning C4244:         ]
E:\Characters\Characters.cpp(91,50): warning C4244: 'argument': conversion from 'T' to 'T', possible loss of data
E:\Characters\Characters.cpp(91,50): warning C4244:         with
E:\Characters\Characters.cpp(91,50): warning C4244:         [
E:\Characters\Characters.cpp(91,50): warning C4244:             T=unsigned int
E:\Characters\Characters.cpp(91,50): warning C4244:         ]
E:\Characters\Characters.cpp(91,50): warning C4244:         and
E:\Characters\Characters.cpp(91,50): warning C4244:         [
E:\Characters\Characters.cpp(91,50): warning C4244:             T=float
E:\Characters\Characters.cpp(91,50): warning C4244:         ]
E:\Characters\Characters.cpp(92,71): warning C4244: 'argument': conversion from 'T' to 'T', possible loss of data
E:\Characters\Characters.cpp(92,71): warning C4244:         with
E:\Characters\Characters.cpp(92,71): warning C4244:         [
E:\Characters\Characters.cpp(92,71): warning C4244:             T=unsigned int
E:\Characters\Characters.cpp(92,71): warning C4244:         ]
E:\Characters\Characters.cpp(92,71): warning C4244:         and
E:\Characters\Characters.cpp(92,71): warning C4244:         [
E:\Characters\Characters.cpp(92,71): warning C4244:             T=float
E:\Characters\Characters.cpp(92,71): warning C4244:         ]
E:\Characters\Characters.cpp(92,51): warning C4244: 'argument': conversion from 'T' to 'T', possible loss of data
E:\Characters\Characters.cpp(92,51): warning C4244:         with
E:\Characters\Characters.cpp(92,51): warning C4244:         [
E:\Characters\Characters.cpp(92,51): warning C4244:             T=unsigned int
E:\Characters\Characters.cpp(92,51): warning C4244:         ]
E:\Characters\Characters.cpp(92,51): warning C4244:         and
E:\Characters\Characters.cpp(92,51): warning C4244:         [
E:\Characters\Characters.cpp(92,51): warning C4244:             T=float
E:\Characters\Characters.cpp(92,51): warning C4244:         ]
  Characters.vcxproj -> E:\Characters\x64\Debug\Characters.exe
  'pwsh.exe' is not recognized as an internal or external command,
  operable program or batch file.
